[17:08:21] [main/INFO]: LiteLoader 1.8.0 starting up...
[17:08:21] [main/INFO]: Active Pack: 1.8-SNAPSHOT-r365-b46-2015-01-25_23-01-16
[17:08:21] [main/INFO]: Java reports OS="windows 8.1"
[17:08:21] [main/INFO]: Adding supported mod class prefix 'LiteMod'
[17:08:21] [main/INFO]: Enumerating class path...
[17:08:21] [main/INFO]: Class path separator=";"
[17:08:21] [main/INFO]: Class path entries=(
   classpathEntry=C:\Users\Victor\AppData\Roaming\.minecraft\libraries\com\mumfrey\liteloader\1.8\liteloader-1.8.jar
   classpathEntry=C:\Users\Victor\AppData\Roaming\.minecraft\libraries\net\minecraft\launchwrapper\1.11\launchwrapper-1.11.jar
   classpathEntry=C:\Users\Victor\AppData\Roaming\.minecraft\libraries\org\ow2\asm\asm-all\5.0.3\asm-all-5.0.3.jar
   classpathEntry=C:\Users\Victor\AppData\Roaming\.minecraft\libraries\optifine\OptiFine\1.8_HD_U_D3\OptiFine-1.8_HD_U_D3.jar
   classpathEntry=C:\Users\Victor\AppData\Roaming\.minecraft\libraries\net\minecraft\launchwrapper\1.7\launchwrapper-1.7.jar
   classpathEntry=C:\Users\Victor\AppData\Roaming\.minecraft\libraries\java3d\vecmath\1.5.2\vecmath-1.5.2.jar
   classpathEntry=C:\Users\Victor\AppData\Roaming\.minecraft\libraries\net\sf\trove4j\trove4j\3.0.3\trove4j-3.0.3.jar
   classpathEntry=C:\Users\Victor\AppData\Roaming\.minecraft\libraries\com\ibm\icu\icu4j-core-mojang\51.2\icu4j-core-mojang-51.2.jar
   classpathEntry=C:\Users\Victor\AppData\Roaming\.minecraft\libraries\net\sf\jopt-simple\jopt-simple\4.6\jopt-simple-4.6.jar
   classpathEntry=C:\Users\Victor\AppData\Roaming\.minecraft\libraries\com\paulscode\codecjorbis\20101023\codecjorbis-20101023.jar
   classpathEntry=C:\Users\Victor\AppData\Roaming\.minecraft\libraries\com\paulscode\codecwav\20101023\codecwav-20101023.jar
   classpathEntry=C:\Users\Victor\AppData\Roaming\.minecraft\libraries\com\paulscode\libraryjavasound\20101123\libraryjavasound-20101123.jar
   classpathEntry=C:\Users\Victor\AppData\Roaming\.minecraft\libraries\com\paulscode\librarylwjglopenal\20100824\librarylwjglopenal-20100824.jar
   classpathEntry=C:\Users\Victor\AppData\Roaming\.minecraft\libraries\com\paulscode\soundsystem\20120107\soundsystem-20120107.jar
   classpathEntry=C:\Users\Victor\AppData\Roaming\.minecraft\libraries\io\netty\netty-all\4.0.15.Final\netty-all-4.0.15.Final.jar
   classpathEntry=C:\Users\Victor\AppData\Roaming\.minecraft\libraries\com\google\guava\guava\17.0\guava-17.0.jar
   classpathEntry=C:\Users\Victor\AppData\Roaming\.minecraft\libraries\org\apache\commons\commons-lang3\3.3.2\commons-lang3-3.3.2.jar
   classpathEntry=C:\Users\Victor\AppData\Roaming\.minecraft\libraries\commons-io\commons-io\2.4\commons-io-2.4.jar
   classpathEntry=C:\Users\Victor\AppData\Roaming\.minecraft\libraries\commons-codec\commons-codec\1.9\commons-codec-1.9.jar
   classpathEntry=C:\Users\Victor\AppData\Roaming\.minecraft\libraries\net\java\jinput\jinput\2.0.5\jinput-2.0.5.jar
   classpathEntry=C:\Users\Victor\AppData\Roaming\.minecraft\libraries\net\java\jutils\jutils\1.0.0\jutils-1.0.0.jar
   classpathEntry=C:\Users\Victor\AppData\Roaming\.minecraft\libraries\com\google\code\gson\gson\2.2.4\gson-2.2.4.jar
   classpathEntry=C:\Users\Victor\AppData\Roaming\.minecraft\libraries\com\mojang\authlib\1.5.21\authlib-1.5.21.jar
   classpathEntry=C:\Users\Victor\AppData\Roaming\.minecraft\libraries\com\mojang\realms\1.6.1\realms-1.6.1.jar
   classpathEntry=C:\Users\Victor\AppData\Roaming\.minecraft\libraries\org\apache\commons\commons-compress\1.8.1\commons-compress-1.8.1.jar
   classpathEntry=C:\Users\Victor\AppData\Roaming\.minecraft\libraries\org\apache\httpcomponents\httpclient\4.3.3\httpclient-4.3.3.jar
   classpathEntry=C:\Users\Victor\AppData\Roaming\.minecraft\libraries\commons-logging\commons-logging\1.1.3\commons-logging-1.1.3.jar
   classpathEntry=C:\Users\Victor\AppData\Roaming\.minecraft\libraries\org\apache\httpcomponents\httpcore\4.3.2\httpcore-4.3.2.jar
   classpathEntry=C:\Users\Victor\AppData\Roaming\.minecraft\libraries\org\apache\logging\log4j\log4j-api\2.0-beta9\log4j-api-2.0-beta9.jar
   classpathEntry=C:\Users\Victor\AppData\Roaming\.minecraft\libraries\org\apache\logging\log4j\log4j-core\2.0-beta9\log4j-core-2.0-beta9.jar
   classpathEntry=C:\Users\Victor\AppData\Roaming\.minecraft\libraries\org\lwjgl\lwjgl\lwjgl\2.9.1\lwjgl-2.9.1.jar
   classpathEntry=C:\Users\Victor\AppData\Roaming\.minecraft\libraries\org\lwjgl\lwjgl\lwjgl_util\2.9.1\lwjgl_util-2.9.1.jar
   classpathEntry=C:\Users\Victor\AppData\Roaming\.minecraft\libraries\tv\twitch\twitch\6.5\twitch-6.5.jar
   classpathEntry=C:\Users\Victor\AppData\Roaming\.minecraft\versions\1.8\1.8.jar
)
[17:08:21] [main/INFO]: Registering discovery module EnumeratorModuleClassPath: [<Java Class Path>]
[17:08:21] [main/INFO]: Registering discovery module EnumeratorModuleFolder: [C:\Users\Victor\AppData\Roaming\.minecraft\mods]
[17:08:21] [main/INFO]: Registering discovery module EnumeratorModuleFolder: [C:\Users\Victor\AppData\Roaming\.minecraft\mods\1.8]
[17:08:21] [main/INFO]: Registering enumerator plugin DefaultEnumeratorPlugin: [com.mumfrey.liteloader.core.api.DefaultEnumeratorPlugin@18ce0030]
[17:08:21] [main/INFO]: Discovering tweaks on class path...
[17:08:21] [main/INFO]: Baking listener list for EnumerationObserver with 1 listeners
[17:08:21] [main/INFO]: Discovering valid mod files in folder C:\Users\Victor\AppData\Roaming\.minecraft\mods
[17:08:21] [main/INFO]: Inspecting jar metadata in 'mod_Autofish_0.4.9_mc1.8.litemod'
[17:08:21] [main/INFO]: Considering valid mod file: C:\Users\Victor\AppData\Roaming\.minecraft\mods\mod_Autofish_0.4.9_mc1.8.litemod
[17:08:21] [main/INFO]: Inspecting jar metadata in 'mod_macros_0.11.1_beta2_mc1.8.litemod'
[17:08:21] [main/INFO]: Considering valid mod file: C:\Users\Victor\AppData\Roaming\.minecraft\mods\mod_macros_0.11.1_beta2_mc1.8.litemod
[17:08:21] [main/INFO]: Considering valid mod file: C:\Users\Victor\AppData\Roaming\.minecraft\mods\mod_voxelMap_1.5.13_for_1.8.litemod
[17:08:21] [main/INFO]: Inspecting jar metadata in 'mod_worldeditcui_1.8.0_02_lite_mc1.8.litemod'
[17:08:21] [main/INFO]: Considering valid mod file: C:\Users\Victor\AppData\Roaming\.minecraft\mods\mod_worldeditcui_1.8.0_02_lite_mc1.8.litemod
[17:08:21] [main/INFO]: Registering events.json for mod with id macros
[17:08:21] [main/INFO]: Adding newest valid mod file 'C:\Users\Victor\AppData\Roaming\.minecraft\mods\mod_macros_0.11.1_beta2_mc1.8.litemod' at revision 1101.0000
[17:08:21] [main/INFO]: Adding newest valid mod file 'C:\Users\Victor\AppData\Roaming\.minecraft\mods\mod_Autofish_0.4.9_mc1.8.litemod' at revision 51.0000
[17:08:21] [main/INFO]: Adding newest valid mod file 'C:\Users\Victor\AppData\Roaming\.minecraft\mods\mod_worldeditcui_1.8.0_02_lite_mc1.8.litemod' at revision 1802.0000
[17:08:21] [main/INFO]: Adding newest valid mod file 'C:\Users\Victor\AppData\Roaming\.minecraft\mods\mod_voxelMap_1.5.13_for_1.8.litemod' at revision 1513.0000
[17:08:21] [main/INFO]: Discovering valid mod files in folder C:\Users\Victor\AppData\Roaming\.minecraft\mods\1.8
[17:08:21] [main/INFO]: Mod file 'mod_voxelMap_1.5.13_for_1.8.litemod' provides classTransformer 'com.thevoxelbox.voxelmap.litemod.VoxelMapTransformer', adding to class loader
[17:08:21] [main/INFO]: classTransformer 'com.thevoxelbox.voxelmap.litemod.VoxelMapTransformer' was successfully added
[17:08:21] [main/INFO]: LiteLoader PREINIT complete
[17:08:21] [main/INFO]: Parsing events for mod with id macros
[17:08:21] [main/INFO]: macros contains Accessor definitions, injecting into classpath...
[17:08:21] [main/INFO]: Registering events for mod with id macros
[17:08:21] [main/INFO]: Injecting onstartupcomplete[x1] in aj in bsu
[17:08:21] [main/INFO]: Injecting prerenderfbo[x1] in as in bsu
[17:08:21] [main/INFO]: Injecting postrenderfbo[x1] in as in bsu
[17:08:21] [main/INFO]: Injecting ontimerupdate[x1] in as in bsu
[17:08:21] [main/INFO]: Injecting onrender[x1] in as in bsu
[17:08:21] [main/INFO]: Injecting ontick[x1] in as in bsu
[17:08:21] [main/INFO]: Injecting updateframebuffersize[x1] in av in bsu
[17:08:21] [main/INFO]: Injecting newtick[x1] in r in bsu
[17:08:21] [main/INFO]: MinecraftTransformer found INIT injection point, this is good.
[17:08:21] [main/INFO]: Injecting onupdatechatfield[x1] in e in bvx
[17:08:21] [main/INFO]: Injecting ontextboxmouseclick[x1] in a in bvx
[17:08:21] [main/INFO]: Injecting ondrawchatgui[x1] in a in bvx
[17:08:21] [main/INFO]: Injecting ondrawchatfield[x1] in a in bvx
[17:08:21] [main/INFO]: Injecting onoutboundchat[x1] in e in cio
[17:08:21] [Client thread/INFO]: Injecting onservertick[x1] in z in MinecraftServer
[17:08:22] [Client thread/INFO]: Injecting oncreateintegratedserver[x1] in <init> in cyk
[17:08:22] [Client thread/INFO]: Injecting oninitializeplayerconnection[x1] in a in sn
[17:08:22] [Client thread/INFO]: Injecting onplayerlogin[x1] in c in sn
[17:08:22] [Client thread/INFO]: Injecting onplayerlogout[x1] in e in sn
[17:08:22] [Client thread/INFO]: Injecting onspawnplayer[x1] in f in sn
[17:08:22] [Client thread/INFO]: Injecting onrespawnplayer[x1] in a in sn
[17:08:22] [Client thread/INFO]: Injecting onblockclicked[x1] in a in qx
[17:08:22] [Client thread/INFO]: Injecting onactivateblockoruseitem[x1] in a in qx
[17:08:23] [Client thread/INFO]: Injecting renderfbo[x1] in a in ckw
[17:08:23] [Client thread/INFO]: Injecting constructchunkfrompacket[x1] in a in bfh
[17:08:23] [Client thread/INFO]: Injecting prerendergui[x1] in b in cji
[17:08:23] [Client thread/INFO]: Injecting onrenderhud[x1] in b in cji
[17:08:23] [Client thread/INFO]: Injecting postrenderhud[x1] in b in cji
[17:08:23] [Client thread/INFO]: Injecting onrenderworld[x1] in a in cji
[17:08:23] [Client thread/INFO]: Injecting postrender[x1] in a in cji
[17:08:23] [Client thread/INFO]: Injecting onsetupcameratransform[x1] in a in cji
[17:08:23] [Client thread/INFO]: Injecting postrenderentities[x1] in a in cji
[17:08:31] [Client thread/INFO]: Injecting onrenderentity[x1] in a in cpt
[17:08:31] [Client thread/INFO]: Injecting onpostrenderentity[x1] in a in cpt
[17:08:31] [Client thread/INFO]: JInput Component Registry is initialising...
[17:08:31] [Client thread/INFO]: Inspecting Mouse controller HID-compliant mouse on Unknown...
[17:08:31] [Client thread/INFO]: Inspecting Keyboard controller HID Keyboard Device on Unknown...
[17:08:31] [Client thread/INFO]: Inspecting Mouse controller HID-compliant mouse on Unknown...
[17:08:31] [Client thread/INFO]: Inspecting Keyboard controller HID Keyboard Device on Unknown...
[17:08:31] [Client thread/INFO]: Inspecting Keyboard controller HID Keyboard Device on Unknown...
[17:08:31] [Client thread/INFO]: Inspecting Keyboard controller HID Keyboard Device on Unknown...
[17:08:31] [Client thread/INFO]: Inspecting Mouse controller Mad Catz R.A.T.5 Mouse (HID) on Unknown...
[17:08:31] [Client thread/INFO]: Inspecting Mouse controller HID-compliant mouse on Unknown...
[17:08:31] [Client thread/INFO]: Inspecting Unknown controller G510 Gaming Keyboard on Unknown...
[17:08:31] [Client thread/INFO]: Inspecting Unknown controller G510 Gaming Keyboard on Unknown...
[17:08:31] [Client thread/INFO]: Inspecting Unknown controller Programmable Hotkeys on Unknown...
[17:08:31] [Client thread/INFO]: Inspecting Unknown controller ASTRO MixAmp Pro            on Unknown...
[17:08:31] [Client thread/INFO]: JInput Component Registry initialised, found 12 controller(s) 537 component(s)
[17:08:31] [Client thread/INFO]: LiteLoader begin INIT...
[17:08:31] [Client thread/INFO]: Baking listener list for CoreProvider with 2 listeners
[17:08:31] [Client thread/INFO]: Injecting external mods into class path...
[17:08:31] [Client thread/INFO]: Successfully injected mod file 'C:\Users\Victor\AppData\Roaming\.minecraft\mods\mod_Autofish_0.4.9_mc1.8.litemod' into classpath
[17:08:31] [Client thread/INFO]: Successfully injected mod file 'C:\Users\Victor\AppData\Roaming\.minecraft\mods\mod_worldeditcui_1.8.0_02_lite_mc1.8.litemod' into classpath
[17:08:31] [Client thread/INFO]: Injecting external mods into class path...
[17:08:31] [Client thread/INFO]: Discovering mods on class path...
[17:08:31] [Client thread/INFO]: Searching C:\Users\Victor\AppData\Roaming\.minecraft\libraries\com\mumfrey\liteloader\1.8\liteloader-1.8.jar...
[17:08:31] [Client thread/INFO]: Searching C:\Users\Victor\AppData\Roaming\.minecraft\libraries\net\minecraft\launchwrapper\1.11\launchwrapper-1.11.jar...
[17:08:31] [Client thread/INFO]: Searching C:\Users\Victor\AppData\Roaming\.minecraft\libraries\org\ow2\asm\asm-all\5.0.3\asm-all-5.0.3.jar...
[17:08:31] [Client thread/INFO]: Searching C:\Users\Victor\AppData\Roaming\.minecraft\libraries\optifine\OptiFine\1.8_HD_U_D3\OptiFine-1.8_HD_U_D3.jar...
[17:08:31] [Client thread/INFO]: Searching C:\Users\Victor\AppData\Roaming\.minecraft\libraries\net\minecraft\launchwrapper\1.7\launchwrapper-1.7.jar...
[17:08:31] [Client thread/INFO]: Searching C:\Users\Victor\AppData\Roaming\.minecraft\libraries\java3d\vecmath\1.5.2\vecmath-1.5.2.jar...
[17:08:31] [Client thread/INFO]: Searching C:\Users\Victor\AppData\Roaming\.minecraft\libraries\net\sf\trove4j\trove4j\3.0.3\trove4j-3.0.3.jar...
[17:08:31] [Client thread/INFO]: Searching C:\Users\Victor\AppData\Roaming\.minecraft\libraries\com\ibm\icu\icu4j-core-mojang\51.2\icu4j-core-mojang-51.2.jar...
[17:08:31] [Client thread/INFO]: Searching C:\Users\Victor\AppData\Roaming\.minecraft\libraries\net\sf\jopt-simple\jopt-simple\4.6\jopt-simple-4.6.jar...
[17:08:32] [Client thread/INFO]: Searching C:\Users\Victor\AppData\Roaming\.minecraft\libraries\com\paulscode\codecjorbis\20101023\codecjorbis-20101023.jar...
[17:08:32] [Client thread/INFO]: Searching C:\Users\Victor\AppData\Roaming\.minecraft\libraries\com\paulscode\codecwav\20101023\codecwav-20101023.jar...
[17:08:32] [Client thread/INFO]: Searching C:\Users\Victor\AppData\Roaming\.minecraft\libraries\com\paulscode\libraryjavasound\20101123\libraryjavasound-20101123.jar...
[17:08:32] [Client thread/INFO]: Searching C:\Users\Victor\AppData\Roaming\.minecraft\libraries\com\paulscode\librarylwjglopenal\20100824\librarylwjglopenal-20100824.jar...
[17:08:32] [Client thread/INFO]: Searching C:\Users\Victor\AppData\Roaming\.minecraft\libraries\com\paulscode\soundsystem\20120107\soundsystem-20120107.jar...
[17:08:32] [Client thread/INFO]: Searching C:\Users\Victor\AppData\Roaming\.minecraft\libraries\io\netty\netty-all\4.0.15.Final\netty-all-4.0.15.Final.jar...
[17:08:32] [Client thread/INFO]: Searching C:\Users\Victor\AppData\Roaming\.minecraft\libraries\com\google\guava\guava\17.0\guava-17.0.jar...
[17:08:32] [Client thread/INFO]: Searching C:\Users\Victor\AppData\Roaming\.minecraft\libraries\org\apache\commons\commons-lang3\3.3.2\commons-lang3-3.3.2.jar...
[17:08:32] [Client thread/INFO]: Searching C:\Users\Victor\AppData\Roaming\.minecraft\libraries\commons-io\commons-io\2.4\commons-io-2.4.jar...
[17:08:32] [Client thread/INFO]: Searching C:\Users\Victor\AppData\Roaming\.minecraft\libraries\commons-codec\commons-codec\1.9\commons-codec-1.9.jar...
[17:08:32] [Client thread/INFO]: Searching C:\Users\Victor\AppData\Roaming\.minecraft\libraries\net\java\jinput\jinput\2.0.5\jinput-2.0.5.jar...
[17:08:32] [Client thread/INFO]: Searching C:\Users\Victor\AppData\Roaming\.minecraft\libraries\net\java\jutils\jutils\1.0.0\jutils-1.0.0.jar...
[17:08:32] [Client thread/INFO]: Searching C:\Users\Victor\AppData\Roaming\.minecraft\libraries\com\google\code\gson\gson\2.2.4\gson-2.2.4.jar...
[17:08:32] [Client thread/INFO]: Searching C:\Users\Victor\AppData\Roaming\.minecraft\libraries\com\mojang\authlib\1.5.21\authlib-1.5.21.jar...
[17:08:32] [Client thread/INFO]: Searching C:\Users\Victor\AppData\Roaming\.minecraft\libraries\com\mojang\realms\1.6.1\realms-1.6.1.jar...
[17:08:32] [Client thread/INFO]: Searching C:\Users\Victor\AppData\Roaming\.minecraft\libraries\org\apache\commons\commons-compress\1.8.1\commons-compress-1.8.1.jar...
[17:08:32] [Client thread/INFO]: Searching C:\Users\Victor\AppData\Roaming\.minecraft\libraries\org\apache\httpcomponents\httpclient\4.3.3\httpclient-4.3.3.jar...
[17:08:32] [Client thread/INFO]: Searching C:\Users\Victor\AppData\Roaming\.minecraft\libraries\commons-logging\commons-logging\1.1.3\commons-logging-1.1.3.jar...
[17:08:32] [Client thread/INFO]: Searching C:\Users\Victor\AppData\Roaming\.minecraft\libraries\org\apache\httpcomponents\httpcore\4.3.2\httpcore-4.3.2.jar...
[17:08:32] [Client thread/INFO]: Searching C:\Users\Victor\AppData\Roaming\.minecraft\libraries\org\apache\logging\log4j\log4j-api\2.0-beta9\log4j-api-2.0-beta9.jar...
[17:08:32] [Client thread/INFO]: Searching C:\Users\Victor\AppData\Roaming\.minecraft\libraries\org\apache\logging\log4j\log4j-core\2.0-beta9\log4j-core-2.0-beta9.jar...
[17:08:32] [Client thread/INFO]: Searching C:\Users\Victor\AppData\Roaming\.minecraft\libraries\org\lwjgl\lwjgl\lwjgl\2.9.1\lwjgl-2.9.1.jar...
[17:08:32] [Client thread/INFO]: Searching C:\Users\Victor\AppData\Roaming\.minecraft\libraries\org\lwjgl\lwjgl\lwjgl_util\2.9.1\lwjgl_util-2.9.1.jar...
[17:08:32] [Client thread/INFO]: Searching C:\Users\Victor\AppData\Roaming\.minecraft\libraries\tv\twitch\twitch\6.5\twitch-6.5.jar...
[17:08:32] [Client thread/INFO]: Searching C:\Users\Victor\AppData\Roaming\.minecraft\versions\1.8\1.8.jar...
[17:08:32] [Client thread/INFO]: Discovering mods in valid mod files...
[17:08:32] [Client thread/INFO]: Searching C:\Users\Victor\AppData\Roaming\.minecraft\mods\mod_macros_0.11.1_beta2_mc1.8.litemod...
[17:08:32] [Client thread/INFO]: Found 1 potential matches
[17:08:32] [Client thread/INFO]: Searching C:\Users\Victor\AppData\Roaming\.minecraft\mods\mod_Autofish_0.4.9_mc1.8.litemod...
[17:08:32] [Client thread/INFO]: Found 1 potential matches
[17:08:32] [Client thread/INFO]: Searching C:\Users\Victor\AppData\Roaming\.minecraft\mods\mod_worldeditcui_1.8.0_02_lite_mc1.8.litemod...
[17:08:32] [Client thread/INFO]: Found 1 potential matches
[17:08:32] [Client thread/INFO]: Searching C:\Users\Victor\AppData\Roaming\.minecraft\mods\mod_voxelMap_1.5.13_for_1.8.litemod...
[17:08:32] [Client thread/INFO]: Found 1 potential matches
[17:08:32] [Client thread/INFO]: Discovering mods in valid mod files...
[17:08:32] [Client thread/INFO]: Mod class discovery completed
[17:08:32] [Client thread/INFO]: LiteLoader begin POSTINIT...
[17:08:32] [Client thread/INFO]: Inhibiting sound handler reload
[17:08:32] [Client thread/INFO]: Registering interface provider com.mumfrey.liteloader.client.LiteLoaderEventBrokerClient for API LiteLoader core API
[17:08:32] [Client thread/INFO]: Injecting onplayermoved[x1] in a in rj
[17:08:32] [Client thread/INFO]: Injecting onplayerdigging[x1] in a in rj
[17:08:32] [Client thread/INFO]: Injecting onplaceblock[x1] in a in rj
[17:08:32] [Client thread/INFO]: Injecting onclickedair[x1] in a in rj
[17:08:32] [Client thread/INFO]: Registering interface provider com.mumfrey.liteloader.client.PacketEventsClient for API LiteLoader core API
[17:08:32] [Client thread/INFO]: Registering interface provider com.mumfrey.liteloader.client.ClientPluginChannelsClient for API LiteLoader core API
[17:08:32] [Client thread/INFO]: Registering interface provider com.mumfrey.liteloader.core.ServerPluginChannels for API LiteLoader core API
[17:08:32] [Client thread/INFO]: Registering interface provider com.mumfrey.liteloader.messaging.MessageBus for API LiteLoader core API
[17:08:32] [Client thread/INFO]: Discovered 4 total mod(s), injected 0 tweak(s)
[17:08:32] [Client thread/INFO]: Loading mod from net.eq2online.macros.LiteModMacros
[17:08:32] [Client thread/INFO]: Baking listener list for ModLoadObserver with 1 listeners
[17:08:32] [Client thread/INFO]: Successfully added mod Macro / Keybind Mod version 0.11.1 beta 2
[17:08:32] [Client thread/INFO]: Adding "C:\Users\Victor\AppData\Roaming\.minecraft\mods\mod_macros_0.11.1_beta2_mc1.8.litemod" to active resource pack set
[17:08:32] [Client thread/INFO]: Setting up "mod_macros_0.11.1_beta2_mc1.8.litemod" as mod resource pack with identifier "Macro / Keybind Mod"
[17:08:32] [Client thread/INFO]: Successfully added "C:\Users\Victor\AppData\Roaming\.minecraft\mods\mod_macros_0.11.1_beta2_mc1.8.litemod" to active resource pack set
[17:08:32] [Client thread/INFO]: Loading mod from troy.autofish.LiteModAutofish
[17:08:32] [Client thread/INFO]: Successfully added mod Autofish version 0.4.8
[17:08:32] [Client thread/INFO]: Adding "C:\Users\Victor\AppData\Roaming\.minecraft\mods\mod_Autofish_0.4.9_mc1.8.litemod" to active resource pack set
[17:08:32] [Client thread/INFO]: Setting up "mod_Autofish_0.4.9_mc1.8.litemod" as mod resource pack with identifier "Autofish"
[17:08:32] [Client thread/INFO]: Successfully added "C:\Users\Victor\AppData\Roaming\.minecraft\mods\mod_Autofish_0.4.9_mc1.8.litemod" to active resource pack set
[17:08:32] [Client thread/INFO]: Loading mod from com.mumfrey.worldeditcui.LiteModWorldEditCUI
[17:08:32] [Client thread/INFO]: Successfully added mod WorldEditCUI version 1.8.0_02
[17:08:32] [Client thread/INFO]: Adding "C:\Users\Victor\AppData\Roaming\.minecraft\mods\mod_worldeditcui_1.8.0_02_lite_mc1.8.litemod" to active resource pack set
[17:08:32] [Client thread/INFO]: Setting up "mod_worldeditcui_1.8.0_02_lite_mc1.8.litemod" as mod resource pack with identifier "WorldEditCUI"
[17:08:32] [Client thread/INFO]: Successfully added "C:\Users\Victor\AppData\Roaming\.minecraft\mods\mod_worldeditcui_1.8.0_02_lite_mc1.8.litemod" to active resource pack set
[17:08:32] [Client thread/INFO]: Loading mod from com.thevoxelbox.voxelmap.litemod.LiteModVoxelMap
[17:08:32] [Client thread/INFO]: Successfully added mod VoxelMap version 1.5.13
[17:08:32] [Client thread/INFO]: Adding "C:\Users\Victor\AppData\Roaming\.minecraft\mods\mod_voxelMap_1.5.13_for_1.8.litemod" to active resource pack set
[17:08:32] [Client thread/INFO]: Setting up "mod_voxelMap_1.5.13_for_1.8.litemod" as mod resource pack with identifier "VoxelMap"
[17:08:32] [Client thread/INFO]: Successfully added "C:\Users\Victor\AppData\Roaming\.minecraft\mods\mod_voxelMap_1.5.13_for_1.8.litemod" to active resource pack set
[17:08:32] [Client thread/INFO]: Initialising mod Macro / Keybind Mod version 0.11.1 beta 2
[17:08:32] [Client thread/INFO]: Performing config upgrade for mod Macro / Keybind Mod. Upgrading Unknown to 1.8.0...
[17:08:32] [Client thread/INFO]: Config upgrade succeeded for mod Macro / Keybind Mod
[17:08:33] [Client thread/INFO]: Loading macro templates...
[17:08:33] [Client thread/INFO]: Script engine initialised, registered 115 script action(s)
[17:08:33] [Client thread/INFO]: Script engine initialised, registered 63 script action(s)
[17:08:33] [Client thread/INFO]: Loading chat filter templates...
[17:08:33] [Client thread/INFO]: Initialising mod Autofish version 0.4.8
[17:08:33] [Client thread/INFO]: Performing config upgrade for mod Autofish. Upgrading Unknown to 1.8.0...
[17:08:33] [Client thread/INFO]: Config upgrade succeeded for mod Autofish
[17:08:33] [Client thread/INFO]: Initialising mod WorldEditCUI version 1.8.0_02
[17:08:33] [Client thread/INFO]: Performing config upgrade for mod WorldEditCUI. Upgrading Unknown to 1.8.0...
[17:08:33] [Client thread/INFO]: Config upgrade succeeded for mod WorldEditCUI
[17:08:33] [Client thread/INFO]: Initialising mod VoxelMap version 1.5.13
[17:08:33] [Client thread/INFO]: Baking listener list for InterfaceObserver with 0 listeners
[17:08:35] [Client thread/INFO]: Injecting onrenderchat[x1] in a in btz
[17:08:35] [Client thread/INFO]: Injecting postrenderchat[x1] in a in btz
[17:08:36] [Client thread/INFO]: Generating new Event Handler Proxy Class com.mumfrey.liteloader.core.event.EventProxy
[17:08:36] [Client thread/INFO]: Successfully generated event handler proxy class with 50 handlers(s) and 50 total invokations
[17:08:37] [Client thread/INFO]: Calling late init for mod Macro / Keybind Mod
[17:08:37] [Client thread/INFO]: Using config dir /liteconfig/common/macros/
[17:08:38] [Client thread/INFO]: Calling late init for mod Autofish
[17:08:38] [Client thread/INFO]: Calling late init for mod WorldEditCUI
[17:08:38] [Client thread/INFO]: Calling late init for mod VoxelMap
[17:08:39] [Client thread/INFO]: Baking listener list for ViewportListener with 1 listeners
[17:08:39] [Client thread/INFO]: Sound handler reload inhibit removed
[17:08:39] [Client thread/INFO]: Reloading sound handler
[17:08:40] [Client thread/INFO]: Baking listener list for GameLoopListener with 1 listeners
[17:08:40] [Client thread/INFO]: Baking listener list for RenderListener with 1 listeners
[17:08:40] [Client thread/INFO]: Baking listener list for TickObserver with 3 listeners
[17:08:40] [Client thread/INFO]: Baking listener list for PostRenderObserver with 3 listeners
[17:08:40] [Client thread/INFO]: Baking listener list for Tickable with 4 listeners
[17:08:40] [Client thread/INFO]: JInput Component Registry is initialising...
[17:08:40] [Client thread/INFO]: Inspecting Mouse controller HID-compliant mouse on Unknown...
[17:08:40] [Client thread/INFO]: Inspecting Keyboard controller HID Keyboard Device on Unknown...
[17:08:40] [Client thread/INFO]: Inspecting Mouse controller HID-compliant mouse on Unknown...
[17:08:40] [Client thread/INFO]: Inspecting Keyboard controller HID Keyboard Device on Unknown...
[17:08:40] [Client thread/INFO]: Inspecting Keyboard controller HID Keyboard Device on Unknown...
[17:08:40] [Client thread/INFO]: Inspecting Keyboard controller HID Keyboard Device on Unknown...
[17:08:40] [Client thread/INFO]: Inspecting Mouse controller Mad Catz R.A.T.5 Mouse (HID) on Unknown...
[17:08:40] [Client thread/INFO]: Inspecting Mouse controller HID-compliant mouse on Unknown...
[17:08:40] [Client thread/INFO]: Inspecting Unknown controller G510 Gaming Keyboard on Unknown...
[17:08:40] [Client thread/INFO]: Inspecting Unknown controller G510 Gaming Keyboard on Unknown...
[17:08:40] [Client thread/INFO]: Inspecting Unknown controller Programmable Hotkeys on Unknown...
[17:08:40] [Client thread/INFO]: Inspecting Unknown controller ASTRO MixAmp Pro            on Unknown...
[17:08:40] [Client thread/INFO]: JInput Component Registry initialised, found 12 controller(s) 537 component(s)
[17:08:40] [Client thread/INFO]: Hooking jinput:mouse/Mad Catz R.A.T.5 Mouse (HID)/Unknown/0/3/0 as ID 253 via JInput
[17:08:40] [Client thread/INFO]: Hooking jinput:mouse/Mad Catz R.A.T.5 Mouse (HID)/Unknown/0/3/1 as ID 253 via JInput
[17:08:40] [Client thread/INFO]: Hooking jinput:mouse/Mad Catz R.A.T.5 Mouse (HID)/Unknown/0/3/1 as ID 253 via JInput
[17:08:40] [Client thread/INFO]: Hooking jinput:mouse/Mad Catz R.A.T.5 Mouse (HID)/Unknown/0/3/1 as ID 253 via JInput
[17:08:40] [Client thread/INFO]: Hooking jinput:mouse/Mad Catz R.A.T.5 Mouse (HID)/Unknown/0/4/0 as ID 254 via JInput
[17:08:40] [Client thread/INFO]: Hooking jinput:mouse/Mad Catz R.A.T.5 Mouse (HID)/Unknown/0/4/1 as ID 254 via JInput
[17:08:40] [Client thread/INFO]: Hooking jinput:mouse/Mad Catz R.A.T.5 Mouse (HID)/Unknown/0/4/1 as ID 254 via JInput
[17:08:40] [Client thread/INFO]: Hooking jinput:mouse/Mad Catz R.A.T.5 Mouse (HID)/Unknown/0/4/1 as ID 254 via JInput
[17:08:53] [Netty Client IO #0/INFO]: Generating new Event Handler Proxy Class com.mumfrey.liteloader.core.event.EventProxy$2
[17:08:53] [Netty Client IO #0/INFO]: Successfully generated event handler proxy class with 100 handlers(s) and 100 total invokations
[17:08:58] [Netty Client IO #4/INFO]: Baking listener list for PostLoginListener with 0 listeners
[17:08:58] [Client thread/INFO]: Baking listener list for PreJoinGameListener with 0 listeners
[17:08:58] [Client thread/INFO]: Baking listener list for JoinGameListener with 3 listeners
[17:08:58] [Client thread/INFO]: Forge ClientCommandHandler was not found, outbound commands will not be processed by Forge
[17:08:58] [Client thread/INFO]: Baking listener list for ChatListener with 2 listeners
[17:08:58] [Client thread/INFO]: Baking listener list for PostRenderListener with 2 listeners
[17:08:58] [Client thread/INFO]: Baking listener list for HUDRenderListener with 1 listeners
[17:08:58] [Client thread/INFO]: Baking listener list for ChatRenderListener with 0 listeners
[17:09:02] [Client thread/INFO]: onConnectToServer: SERVER:25565
[17:09:02] [Client thread/INFO]: Forge ClientCommandHandler was not found, outbound commands will not be processed by Forge
[17:09:02] [Client thread/INFO]: Baking listener list for WorldObserver with 2 listeners
[17:09:02] [Client thread/INFO]: Baking listener list for PacketHandler with 1 listeners
[17:09:03] [Client thread/INFO]: Baking listener list for EntityRenderListener with 0 listeners
[17:09:03] [Client thread/INFO]: Baking listener list for OutboundChatFilter with 1 listeners
[17:23:56] [Client thread/INFO]: Baking listener list for PacketHandler with 1 listeners
[17:25:38] [Client thread/INFO]: LiteLoader is shutting down, shutting down core providers and syncing configuration
[17:25:38] [Client thread/INFO]: Baking listener list for ShutdownObserver with 3 listeners
